[2025-05-25T16:56:11.752+0000] {processor.py:161} INFO - Started process (PID=62) to work on /opt/airflow/dags/ptt_macshop_dag.py
[2025-05-25T16:56:11.753+0000] {processor.py:830} INFO - Processing file /opt/airflow/dags/ptt_macshop_dag.py for tasks to queue
[2025-05-25T16:56:11.754+0000] {logging_mixin.py:188} INFO - [2025-05-25T16:56:11.754+0000] {dagbag.py:538} INFO - Filling up the DagBag from /opt/airflow/dags/ptt_macshop_dag.py
[2025-05-25T16:56:11.850+0000] {processor.py:840} INFO - DAG(s) 'ptt_macshop_scraper' retrieved from /opt/airflow/dags/ptt_macshop_dag.py
[2025-05-25T16:56:11.926+0000] {logging_mixin.py:188} INFO - [2025-05-25T16:56:11.926+0000] {override.py:1769} INFO - Created Permission View: can delete on DAG:ptt_macshop_scraper
[2025-05-25T16:56:11.932+0000] {logging_mixin.py:188} INFO - [2025-05-25T16:56:11.931+0000] {override.py:1769} INFO - Created Permission View: can read on DAG:ptt_macshop_scraper
[2025-05-25T16:56:11.934+0000] {logging_mixin.py:188} INFO - [2025-05-25T16:56:11.934+0000] {override.py:1769} INFO - Created Permission View: can edit on DAG:ptt_macshop_scraper
[2025-05-25T16:56:11.934+0000] {logging_mixin.py:188} INFO - [2025-05-25T16:56:11.934+0000] {dag.py:3033} INFO - Sync 1 DAGs
[2025-05-25T16:56:11.941+0000] {logging_mixin.py:188} INFO - [2025-05-25T16:56:11.940+0000] {dag.py:3055} INFO - Creating ORM DAG for ptt_macshop_scraper
[2025-05-25T16:56:12.135+0000] {logging_mixin.py:188} INFO - [2025-05-25T16:56:12.134+0000] {dag.py:3820} INFO - Setting next_dagrun for ptt_macshop_scraper to 2025-05-24T00:00:00+00:00, run_after=2025-05-25T00:00:00+00:00
[2025-05-25T16:56:12.147+0000] {processor.py:183} INFO - Processing /opt/airflow/dags/ptt_macshop_dag.py took 0.396 seconds
[2025-05-25T16:56:43.148+0000] {processor.py:161} INFO - Started process (PID=64) to work on /opt/airflow/dags/ptt_macshop_dag.py
[2025-05-25T16:56:43.152+0000] {processor.py:830} INFO - Processing file /opt/airflow/dags/ptt_macshop_dag.py for tasks to queue
[2025-05-25T16:56:43.166+0000] {logging_mixin.py:188} INFO - [2025-05-25T16:56:43.165+0000] {dagbag.py:538} INFO - Filling up the DagBag from /opt/airflow/dags/ptt_macshop_dag.py
[2025-05-25T16:56:43.242+0000] {processor.py:840} INFO - DAG(s) 'ptt_macshop_scraper' retrieved from /opt/airflow/dags/ptt_macshop_dag.py
[2025-05-25T16:56:43.275+0000] {logging_mixin.py:188} INFO - [2025-05-25T16:56:43.275+0000] {dag.py:3033} INFO - Sync 1 DAGs
[2025-05-25T16:56:43.295+0000] {logging_mixin.py:188} INFO - [2025-05-25T16:56:43.295+0000] {dag.py:3820} INFO - Setting next_dagrun for ptt_macshop_scraper to 2025-05-24T00:00:00+00:00, run_after=2025-05-25T00:00:00+00:00
[2025-05-25T16:56:43.306+0000] {processor.py:183} INFO - Processing /opt/airflow/dags/ptt_macshop_dag.py took 0.164 seconds
[2025-05-25T16:57:13.522+0000] {processor.py:161} INFO - Started process (PID=66) to work on /opt/airflow/dags/ptt_macshop_dag.py
[2025-05-25T16:57:13.523+0000] {processor.py:830} INFO - Processing file /opt/airflow/dags/ptt_macshop_dag.py for tasks to queue
[2025-05-25T16:57:13.527+0000] {logging_mixin.py:188} INFO - [2025-05-25T16:57:13.527+0000] {dagbag.py:538} INFO - Filling up the DagBag from /opt/airflow/dags/ptt_macshop_dag.py
[2025-05-25T16:57:13.592+0000] {processor.py:840} INFO - DAG(s) 'ptt_macshop_scraper' retrieved from /opt/airflow/dags/ptt_macshop_dag.py
[2025-05-25T16:57:13.615+0000] {logging_mixin.py:188} INFO - [2025-05-25T16:57:13.615+0000] {dag.py:3033} INFO - Sync 1 DAGs
[2025-05-25T16:57:13.629+0000] {logging_mixin.py:188} INFO - [2025-05-25T16:57:13.629+0000] {dag.py:3820} INFO - Setting next_dagrun for ptt_macshop_scraper to 2025-05-24T00:00:00+00:00, run_after=2025-05-25T00:00:00+00:00
[2025-05-25T16:57:13.639+0000] {processor.py:183} INFO - Processing /opt/airflow/dags/ptt_macshop_dag.py took 0.130 seconds
[2025-05-25T16:57:43.802+0000] {processor.py:161} INFO - Started process (PID=68) to work on /opt/airflow/dags/ptt_macshop_dag.py
[2025-05-25T16:57:43.804+0000] {processor.py:830} INFO - Processing file /opt/airflow/dags/ptt_macshop_dag.py for tasks to queue
[2025-05-25T16:57:43.807+0000] {logging_mixin.py:188} INFO - [2025-05-25T16:57:43.807+0000] {dagbag.py:538} INFO - Filling up the DagBag from /opt/airflow/dags/ptt_macshop_dag.py
[2025-05-25T16:57:43.875+0000] {processor.py:840} INFO - DAG(s) 'ptt_macshop_scraper' retrieved from /opt/airflow/dags/ptt_macshop_dag.py
[2025-05-25T16:57:43.893+0000] {logging_mixin.py:188} INFO - [2025-05-25T16:57:43.893+0000] {dag.py:3033} INFO - Sync 1 DAGs
[2025-05-25T16:57:43.904+0000] {logging_mixin.py:188} INFO - [2025-05-25T16:57:43.904+0000] {dag.py:3820} INFO - Setting next_dagrun for ptt_macshop_scraper to 2025-05-25T00:00:00+00:00, run_after=2025-05-26T00:00:00+00:00
[2025-05-25T16:57:43.913+0000] {processor.py:183} INFO - Processing /opt/airflow/dags/ptt_macshop_dag.py took 0.117 seconds
[2025-05-25T16:58:14.150+0000] {processor.py:161} INFO - Started process (PID=70) to work on /opt/airflow/dags/ptt_macshop_dag.py
[2025-05-25T16:58:14.152+0000] {processor.py:830} INFO - Processing file /opt/airflow/dags/ptt_macshop_dag.py for tasks to queue
[2025-05-25T16:58:14.157+0000] {logging_mixin.py:188} INFO - [2025-05-25T16:58:14.156+0000] {dagbag.py:538} INFO - Filling up the DagBag from /opt/airflow/dags/ptt_macshop_dag.py
[2025-05-25T16:58:14.240+0000] {processor.py:840} INFO - DAG(s) 'ptt_macshop_scraper' retrieved from /opt/airflow/dags/ptt_macshop_dag.py
[2025-05-25T16:58:14.264+0000] {logging_mixin.py:188} INFO - [2025-05-25T16:58:14.264+0000] {dag.py:3033} INFO - Sync 1 DAGs
[2025-05-25T16:58:14.310+0000] {logging_mixin.py:188} INFO - [2025-05-25T16:58:14.310+0000] {dag.py:3820} INFO - Setting next_dagrun for ptt_macshop_scraper to 2025-05-25T00:00:00+00:00, run_after=2025-05-26T00:00:00+00:00
[2025-05-25T16:58:14.331+0000] {processor.py:183} INFO - Processing /opt/airflow/dags/ptt_macshop_dag.py took 0.188 seconds
[2025-05-25T16:58:44.492+0000] {processor.py:161} INFO - Started process (PID=72) to work on /opt/airflow/dags/ptt_macshop_dag.py
[2025-05-25T16:58:44.494+0000] {processor.py:830} INFO - Processing file /opt/airflow/dags/ptt_macshop_dag.py for tasks to queue
[2025-05-25T16:58:44.497+0000] {logging_mixin.py:188} INFO - [2025-05-25T16:58:44.497+0000] {dagbag.py:538} INFO - Filling up the DagBag from /opt/airflow/dags/ptt_macshop_dag.py
[2025-05-25T16:58:44.564+0000] {processor.py:840} INFO - DAG(s) 'ptt_macshop_scraper' retrieved from /opt/airflow/dags/ptt_macshop_dag.py
[2025-05-25T16:58:44.581+0000] {logging_mixin.py:188} INFO - [2025-05-25T16:58:44.581+0000] {dag.py:3033} INFO - Sync 1 DAGs
[2025-05-25T16:58:44.593+0000] {logging_mixin.py:188} INFO - [2025-05-25T16:58:44.593+0000] {dag.py:3820} INFO - Setting next_dagrun for ptt_macshop_scraper to 2025-05-25T00:00:00+00:00, run_after=2025-05-26T00:00:00+00:00
[2025-05-25T16:58:44.602+0000] {processor.py:183} INFO - Processing /opt/airflow/dags/ptt_macshop_dag.py took 0.115 seconds
[2025-05-25T16:59:14.896+0000] {processor.py:161} INFO - Started process (PID=74) to work on /opt/airflow/dags/ptt_macshop_dag.py
[2025-05-25T16:59:14.898+0000] {processor.py:830} INFO - Processing file /opt/airflow/dags/ptt_macshop_dag.py for tasks to queue
[2025-05-25T16:59:14.903+0000] {logging_mixin.py:188} INFO - [2025-05-25T16:59:14.903+0000] {dagbag.py:538} INFO - Filling up the DagBag from /opt/airflow/dags/ptt_macshop_dag.py
[2025-05-25T16:59:14.985+0000] {processor.py:840} INFO - DAG(s) 'ptt_macshop_scraper' retrieved from /opt/airflow/dags/ptt_macshop_dag.py
[2025-05-25T16:59:15.024+0000] {logging_mixin.py:188} INFO - [2025-05-25T16:59:15.024+0000] {dag.py:3033} INFO - Sync 1 DAGs
[2025-05-25T16:59:15.040+0000] {logging_mixin.py:188} INFO - [2025-05-25T16:59:15.040+0000] {dag.py:3820} INFO - Setting next_dagrun for ptt_macshop_scraper to 2025-05-25T00:00:00+00:00, run_after=2025-05-26T00:00:00+00:00
[2025-05-25T16:59:15.052+0000] {processor.py:183} INFO - Processing /opt/airflow/dags/ptt_macshop_dag.py took 0.166 seconds
[2025-05-25T16:59:45.301+0000] {processor.py:161} INFO - Started process (PID=76) to work on /opt/airflow/dags/ptt_macshop_dag.py
[2025-05-25T16:59:45.303+0000] {processor.py:830} INFO - Processing file /opt/airflow/dags/ptt_macshop_dag.py for tasks to queue
[2025-05-25T16:59:45.308+0000] {logging_mixin.py:188} INFO - [2025-05-25T16:59:45.307+0000] {dagbag.py:538} INFO - Filling up the DagBag from /opt/airflow/dags/ptt_macshop_dag.py
[2025-05-25T16:59:45.380+0000] {processor.py:840} INFO - DAG(s) 'ptt_macshop_scraper' retrieved from /opt/airflow/dags/ptt_macshop_dag.py
[2025-05-25T16:59:45.412+0000] {logging_mixin.py:188} INFO - [2025-05-25T16:59:45.412+0000] {dag.py:3033} INFO - Sync 1 DAGs
[2025-05-25T16:59:45.427+0000] {logging_mixin.py:188} INFO - [2025-05-25T16:59:45.427+0000] {dag.py:3820} INFO - Setting next_dagrun for ptt_macshop_scraper to 2025-05-25T00:00:00+00:00, run_after=2025-05-26T00:00:00+00:00
[2025-05-25T16:59:45.437+0000] {processor.py:183} INFO - Processing /opt/airflow/dags/ptt_macshop_dag.py took 0.142 seconds
[2025-05-25T17:00:15.639+0000] {processor.py:161} INFO - Started process (PID=78) to work on /opt/airflow/dags/ptt_macshop_dag.py
[2025-05-25T17:00:15.641+0000] {processor.py:830} INFO - Processing file /opt/airflow/dags/ptt_macshop_dag.py for tasks to queue
[2025-05-25T17:00:15.646+0000] {logging_mixin.py:188} INFO - [2025-05-25T17:00:15.646+0000] {dagbag.py:538} INFO - Filling up the DagBag from /opt/airflow/dags/ptt_macshop_dag.py
[2025-05-25T17:00:15.718+0000] {processor.py:840} INFO - DAG(s) 'ptt_macshop_scraper' retrieved from /opt/airflow/dags/ptt_macshop_dag.py
[2025-05-25T17:00:15.753+0000] {logging_mixin.py:188} INFO - [2025-05-25T17:00:15.753+0000] {dag.py:3033} INFO - Sync 1 DAGs
[2025-05-25T17:00:15.769+0000] {logging_mixin.py:188} INFO - [2025-05-25T17:00:15.768+0000] {dag.py:3820} INFO - Setting next_dagrun for ptt_macshop_scraper to 2025-05-25T00:00:00+00:00, run_after=2025-05-26T00:00:00+00:00
[2025-05-25T17:00:15.779+0000] {processor.py:183} INFO - Processing /opt/airflow/dags/ptt_macshop_dag.py took 0.154 seconds
[2025-05-25T17:00:45.987+0000] {processor.py:161} INFO - Started process (PID=80) to work on /opt/airflow/dags/ptt_macshop_dag.py
[2025-05-25T17:00:45.990+0000] {processor.py:830} INFO - Processing file /opt/airflow/dags/ptt_macshop_dag.py for tasks to queue
[2025-05-25T17:00:45.993+0000] {logging_mixin.py:188} INFO - [2025-05-25T17:00:45.993+0000] {dagbag.py:538} INFO - Filling up the DagBag from /opt/airflow/dags/ptt_macshop_dag.py
[2025-05-25T17:00:46.079+0000] {processor.py:840} INFO - DAG(s) 'ptt_macshop_scraper' retrieved from /opt/airflow/dags/ptt_macshop_dag.py
[2025-05-25T17:00:46.111+0000] {logging_mixin.py:188} INFO - [2025-05-25T17:00:46.110+0000] {dag.py:3033} INFO - Sync 1 DAGs
[2025-05-25T17:00:46.138+0000] {logging_mixin.py:188} INFO - [2025-05-25T17:00:46.138+0000] {dag.py:3820} INFO - Setting next_dagrun for ptt_macshop_scraper to 2025-05-25T00:00:00+00:00, run_after=2025-05-26T00:00:00+00:00
[2025-05-25T17:00:46.149+0000] {processor.py:183} INFO - Processing /opt/airflow/dags/ptt_macshop_dag.py took 0.166 seconds
[2025-05-25T17:01:16.374+0000] {processor.py:161} INFO - Started process (PID=82) to work on /opt/airflow/dags/ptt_macshop_dag.py
[2025-05-25T17:01:16.376+0000] {processor.py:830} INFO - Processing file /opt/airflow/dags/ptt_macshop_dag.py for tasks to queue
[2025-05-25T17:01:16.381+0000] {logging_mixin.py:188} INFO - [2025-05-25T17:01:16.380+0000] {dagbag.py:538} INFO - Filling up the DagBag from /opt/airflow/dags/ptt_macshop_dag.py
[2025-05-25T17:01:16.466+0000] {processor.py:840} INFO - DAG(s) 'ptt_macshop_scraper' retrieved from /opt/airflow/dags/ptt_macshop_dag.py
[2025-05-25T17:01:16.487+0000] {logging_mixin.py:188} INFO - [2025-05-25T17:01:16.486+0000] {dag.py:3033} INFO - Sync 1 DAGs
[2025-05-25T17:01:16.500+0000] {logging_mixin.py:188} INFO - [2025-05-25T17:01:16.500+0000] {dag.py:3820} INFO - Setting next_dagrun for ptt_macshop_scraper to 2025-05-25T00:00:00+00:00, run_after=2025-05-26T00:00:00+00:00
[2025-05-25T17:01:16.510+0000] {processor.py:183} INFO - Processing /opt/airflow/dags/ptt_macshop_dag.py took 0.142 seconds
[2025-05-25T17:01:46.716+0000] {processor.py:161} INFO - Started process (PID=84) to work on /opt/airflow/dags/ptt_macshop_dag.py
[2025-05-25T17:01:46.717+0000] {processor.py:830} INFO - Processing file /opt/airflow/dags/ptt_macshop_dag.py for tasks to queue
[2025-05-25T17:01:46.720+0000] {logging_mixin.py:188} INFO - [2025-05-25T17:01:46.720+0000] {dagbag.py:538} INFO - Filling up the DagBag from /opt/airflow/dags/ptt_macshop_dag.py
[2025-05-25T17:01:46.783+0000] {processor.py:840} INFO - DAG(s) 'ptt_macshop_scraper' retrieved from /opt/airflow/dags/ptt_macshop_dag.py
[2025-05-25T17:01:46.799+0000] {logging_mixin.py:188} INFO - [2025-05-25T17:01:46.799+0000] {dag.py:3033} INFO - Sync 1 DAGs
[2025-05-25T17:01:46.811+0000] {logging_mixin.py:188} INFO - [2025-05-25T17:01:46.810+0000] {dag.py:3820} INFO - Setting next_dagrun for ptt_macshop_scraper to 2025-05-25T00:00:00+00:00, run_after=2025-05-26T00:00:00+00:00
[2025-05-25T17:01:46.820+0000] {processor.py:183} INFO - Processing /opt/airflow/dags/ptt_macshop_dag.py took 0.108 seconds
[2025-05-25T17:02:17.120+0000] {processor.py:161} INFO - Started process (PID=86) to work on /opt/airflow/dags/ptt_macshop_dag.py
[2025-05-25T17:02:17.122+0000] {processor.py:830} INFO - Processing file /opt/airflow/dags/ptt_macshop_dag.py for tasks to queue
[2025-05-25T17:02:17.127+0000] {logging_mixin.py:188} INFO - [2025-05-25T17:02:17.127+0000] {dagbag.py:538} INFO - Filling up the DagBag from /opt/airflow/dags/ptt_macshop_dag.py
[2025-05-25T17:02:17.205+0000] {processor.py:840} INFO - DAG(s) 'ptt_macshop_scraper' retrieved from /opt/airflow/dags/ptt_macshop_dag.py
[2025-05-25T17:02:17.231+0000] {logging_mixin.py:188} INFO - [2025-05-25T17:02:17.231+0000] {dag.py:3033} INFO - Sync 1 DAGs
[2025-05-25T17:02:17.248+0000] {logging_mixin.py:188} INFO - [2025-05-25T17:02:17.248+0000] {dag.py:3820} INFO - Setting next_dagrun for ptt_macshop_scraper to 2025-05-25T00:00:00+00:00, run_after=2025-05-26T00:00:00+00:00
[2025-05-25T17:02:17.260+0000] {processor.py:183} INFO - Processing /opt/airflow/dags/ptt_macshop_dag.py took 0.146 seconds
[2025-05-25T17:02:47.512+0000] {processor.py:161} INFO - Started process (PID=88) to work on /opt/airflow/dags/ptt_macshop_dag.py
[2025-05-25T17:02:47.517+0000] {processor.py:830} INFO - Processing file /opt/airflow/dags/ptt_macshop_dag.py for tasks to queue
[2025-05-25T17:02:47.527+0000] {logging_mixin.py:188} INFO - [2025-05-25T17:02:47.527+0000] {dagbag.py:538} INFO - Filling up the DagBag from /opt/airflow/dags/ptt_macshop_dag.py
[2025-05-25T17:02:47.590+0000] {processor.py:840} INFO - DAG(s) 'ptt_macshop_scraper' retrieved from /opt/airflow/dags/ptt_macshop_dag.py
[2025-05-25T17:02:47.623+0000] {logging_mixin.py:188} INFO - [2025-05-25T17:02:47.622+0000] {dag.py:3033} INFO - Sync 1 DAGs
[2025-05-25T17:02:47.652+0000] {logging_mixin.py:188} INFO - [2025-05-25T17:02:47.651+0000] {dag.py:3820} INFO - Setting next_dagrun for ptt_macshop_scraper to 2025-05-25T00:00:00+00:00, run_after=2025-05-26T00:00:00+00:00
[2025-05-25T17:02:47.663+0000] {processor.py:183} INFO - Processing /opt/airflow/dags/ptt_macshop_dag.py took 0.169 seconds
[2025-05-25T17:03:17.894+0000] {processor.py:161} INFO - Started process (PID=90) to work on /opt/airflow/dags/ptt_macshop_dag.py
[2025-05-25T17:03:17.896+0000] {processor.py:830} INFO - Processing file /opt/airflow/dags/ptt_macshop_dag.py for tasks to queue
[2025-05-25T17:03:17.900+0000] {logging_mixin.py:188} INFO - [2025-05-25T17:03:17.900+0000] {dagbag.py:538} INFO - Filling up the DagBag from /opt/airflow/dags/ptt_macshop_dag.py
[2025-05-25T17:03:17.968+0000] {processor.py:840} INFO - DAG(s) 'ptt_macshop_scraper' retrieved from /opt/airflow/dags/ptt_macshop_dag.py
[2025-05-25T17:03:17.992+0000] {logging_mixin.py:188} INFO - [2025-05-25T17:03:17.992+0000] {dag.py:3033} INFO - Sync 1 DAGs
[2025-05-25T17:03:18.010+0000] {logging_mixin.py:188} INFO - [2025-05-25T17:03:18.010+0000] {dag.py:3820} INFO - Setting next_dagrun for ptt_macshop_scraper to 2025-05-25T00:00:00+00:00, run_after=2025-05-26T00:00:00+00:00
[2025-05-25T17:03:18.021+0000] {processor.py:183} INFO - Processing /opt/airflow/dags/ptt_macshop_dag.py took 0.133 seconds
[2025-05-25T17:03:48.232+0000] {processor.py:161} INFO - Started process (PID=92) to work on /opt/airflow/dags/ptt_macshop_dag.py
[2025-05-25T17:03:48.234+0000] {processor.py:830} INFO - Processing file /opt/airflow/dags/ptt_macshop_dag.py for tasks to queue
[2025-05-25T17:03:48.238+0000] {logging_mixin.py:188} INFO - [2025-05-25T17:03:48.237+0000] {dagbag.py:538} INFO - Filling up the DagBag from /opt/airflow/dags/ptt_macshop_dag.py
[2025-05-25T17:03:48.314+0000] {processor.py:840} INFO - DAG(s) 'ptt_macshop_scraper' retrieved from /opt/airflow/dags/ptt_macshop_dag.py
[2025-05-25T17:03:48.336+0000] {logging_mixin.py:188} INFO - [2025-05-25T17:03:48.336+0000] {dag.py:3033} INFO - Sync 1 DAGs
[2025-05-25T17:03:48.360+0000] {logging_mixin.py:188} INFO - [2025-05-25T17:03:48.360+0000] {dag.py:3820} INFO - Setting next_dagrun for ptt_macshop_scraper to 2025-05-25T00:00:00+00:00, run_after=2025-05-26T00:00:00+00:00
[2025-05-25T17:03:48.376+0000] {processor.py:183} INFO - Processing /opt/airflow/dags/ptt_macshop_dag.py took 0.153 seconds
[2025-05-25T17:04:18.531+0000] {processor.py:161} INFO - Started process (PID=94) to work on /opt/airflow/dags/ptt_macshop_dag.py
[2025-05-25T17:04:18.532+0000] {processor.py:830} INFO - Processing file /opt/airflow/dags/ptt_macshop_dag.py for tasks to queue
[2025-05-25T17:04:18.535+0000] {logging_mixin.py:188} INFO - [2025-05-25T17:04:18.535+0000] {dagbag.py:538} INFO - Filling up the DagBag from /opt/airflow/dags/ptt_macshop_dag.py
[2025-05-25T17:04:18.591+0000] {processor.py:840} INFO - DAG(s) 'ptt_macshop_scraper' retrieved from /opt/airflow/dags/ptt_macshop_dag.py
[2025-05-25T17:04:18.611+0000] {logging_mixin.py:188} INFO - [2025-05-25T17:04:18.610+0000] {dag.py:3033} INFO - Sync 1 DAGs
[2025-05-25T17:04:18.658+0000] {logging_mixin.py:188} INFO - [2025-05-25T17:04:18.657+0000] {dag.py:3820} INFO - Setting next_dagrun for ptt_macshop_scraper to 2025-05-25T00:00:00+00:00, run_after=2025-05-26T00:00:00+00:00
[2025-05-25T17:04:18.671+0000] {processor.py:183} INFO - Processing /opt/airflow/dags/ptt_macshop_dag.py took 0.145 seconds
[2025-05-25T17:04:48.868+0000] {processor.py:161} INFO - Started process (PID=96) to work on /opt/airflow/dags/ptt_macshop_dag.py
[2025-05-25T17:04:48.870+0000] {processor.py:830} INFO - Processing file /opt/airflow/dags/ptt_macshop_dag.py for tasks to queue
[2025-05-25T17:04:48.875+0000] {logging_mixin.py:188} INFO - [2025-05-25T17:04:48.874+0000] {dagbag.py:538} INFO - Filling up the DagBag from /opt/airflow/dags/ptt_macshop_dag.py
[2025-05-25T17:04:48.953+0000] {processor.py:840} INFO - DAG(s) 'ptt_macshop_scraper' retrieved from /opt/airflow/dags/ptt_macshop_dag.py
[2025-05-25T17:04:48.994+0000] {logging_mixin.py:188} INFO - [2025-05-25T17:04:48.994+0000] {dag.py:3033} INFO - Sync 1 DAGs
[2025-05-25T17:04:49.017+0000] {logging_mixin.py:188} INFO - [2025-05-25T17:04:49.017+0000] {dag.py:3820} INFO - Setting next_dagrun for ptt_macshop_scraper to 2025-05-25T00:00:00+00:00, run_after=2025-05-26T00:00:00+00:00
[2025-05-25T17:04:49.031+0000] {processor.py:183} INFO - Processing /opt/airflow/dags/ptt_macshop_dag.py took 0.173 seconds
[2025-05-25T17:05:19.208+0000] {processor.py:161} INFO - Started process (PID=98) to work on /opt/airflow/dags/ptt_macshop_dag.py
[2025-05-25T17:05:19.210+0000] {processor.py:830} INFO - Processing file /opt/airflow/dags/ptt_macshop_dag.py for tasks to queue
[2025-05-25T17:05:19.214+0000] {logging_mixin.py:188} INFO - [2025-05-25T17:05:19.213+0000] {dagbag.py:538} INFO - Filling up the DagBag from /opt/airflow/dags/ptt_macshop_dag.py
[2025-05-25T17:05:19.298+0000] {processor.py:840} INFO - DAG(s) 'ptt_macshop_scraper' retrieved from /opt/airflow/dags/ptt_macshop_dag.py
[2025-05-25T17:05:19.322+0000] {logging_mixin.py:188} INFO - [2025-05-25T17:05:19.322+0000] {dag.py:3033} INFO - Sync 1 DAGs
[2025-05-25T17:05:19.351+0000] {logging_mixin.py:188} INFO - [2025-05-25T17:05:19.350+0000] {dag.py:3820} INFO - Setting next_dagrun for ptt_macshop_scraper to 2025-05-25T00:00:00+00:00, run_after=2025-05-26T00:00:00+00:00
[2025-05-25T17:05:19.362+0000] {processor.py:183} INFO - Processing /opt/airflow/dags/ptt_macshop_dag.py took 0.160 seconds
[2025-05-25T17:05:49.547+0000] {processor.py:161} INFO - Started process (PID=100) to work on /opt/airflow/dags/ptt_macshop_dag.py
[2025-05-25T17:05:49.549+0000] {processor.py:830} INFO - Processing file /opt/airflow/dags/ptt_macshop_dag.py for tasks to queue
[2025-05-25T17:05:49.552+0000] {logging_mixin.py:188} INFO - [2025-05-25T17:05:49.552+0000] {dagbag.py:538} INFO - Filling up the DagBag from /opt/airflow/dags/ptt_macshop_dag.py
[2025-05-25T17:05:49.641+0000] {processor.py:840} INFO - DAG(s) 'ptt_macshop_scraper' retrieved from /opt/airflow/dags/ptt_macshop_dag.py
[2025-05-25T17:05:49.669+0000] {logging_mixin.py:188} INFO - [2025-05-25T17:05:49.669+0000] {dag.py:3033} INFO - Sync 1 DAGs
[2025-05-25T17:05:49.688+0000] {logging_mixin.py:188} INFO - [2025-05-25T17:05:49.687+0000] {dag.py:3820} INFO - Setting next_dagrun for ptt_macshop_scraper to 2025-05-25T00:00:00+00:00, run_after=2025-05-26T00:00:00+00:00
[2025-05-25T17:05:49.699+0000] {processor.py:183} INFO - Processing /opt/airflow/dags/ptt_macshop_dag.py took 0.157 seconds
[2025-05-25T17:06:19.928+0000] {processor.py:161} INFO - Started process (PID=102) to work on /opt/airflow/dags/ptt_macshop_dag.py
[2025-05-25T17:06:19.929+0000] {processor.py:830} INFO - Processing file /opt/airflow/dags/ptt_macshop_dag.py for tasks to queue
[2025-05-25T17:06:19.935+0000] {logging_mixin.py:188} INFO - [2025-05-25T17:06:19.934+0000] {dagbag.py:538} INFO - Filling up the DagBag from /opt/airflow/dags/ptt_macshop_dag.py
[2025-05-25T17:06:20.028+0000] {processor.py:840} INFO - DAG(s) 'ptt_macshop_scraper' retrieved from /opt/airflow/dags/ptt_macshop_dag.py
[2025-05-25T17:06:20.054+0000] {logging_mixin.py:188} INFO - [2025-05-25T17:06:20.054+0000] {dag.py:3033} INFO - Sync 1 DAGs
[2025-05-25T17:06:20.084+0000] {logging_mixin.py:188} INFO - [2025-05-25T17:06:20.084+0000] {dag.py:3820} INFO - Setting next_dagrun for ptt_macshop_scraper to 2025-05-25T00:00:00+00:00, run_after=2025-05-26T00:00:00+00:00
[2025-05-25T17:06:20.095+0000] {processor.py:183} INFO - Processing /opt/airflow/dags/ptt_macshop_dag.py took 0.173 seconds
[2025-05-25T17:06:50.318+0000] {processor.py:161} INFO - Started process (PID=104) to work on /opt/airflow/dags/ptt_macshop_dag.py
[2025-05-25T17:06:50.320+0000] {processor.py:830} INFO - Processing file /opt/airflow/dags/ptt_macshop_dag.py for tasks to queue
[2025-05-25T17:06:50.326+0000] {logging_mixin.py:188} INFO - [2025-05-25T17:06:50.325+0000] {dagbag.py:538} INFO - Filling up the DagBag from /opt/airflow/dags/ptt_macshop_dag.py
[2025-05-25T17:06:50.415+0000] {processor.py:840} INFO - DAG(s) 'ptt_macshop_scraper' retrieved from /opt/airflow/dags/ptt_macshop_dag.py
[2025-05-25T17:06:50.463+0000] {logging_mixin.py:188} INFO - [2025-05-25T17:06:50.463+0000] {dag.py:3033} INFO - Sync 1 DAGs
[2025-05-25T17:06:50.482+0000] {logging_mixin.py:188} INFO - [2025-05-25T17:06:50.481+0000] {dag.py:3820} INFO - Setting next_dagrun for ptt_macshop_scraper to 2025-05-25T00:00:00+00:00, run_after=2025-05-26T00:00:00+00:00
[2025-05-25T17:06:50.493+0000] {processor.py:183} INFO - Processing /opt/airflow/dags/ptt_macshop_dag.py took 0.181 seconds
[2025-05-25T17:07:20.662+0000] {processor.py:161} INFO - Started process (PID=106) to work on /opt/airflow/dags/ptt_macshop_dag.py
[2025-05-25T17:07:20.664+0000] {processor.py:830} INFO - Processing file /opt/airflow/dags/ptt_macshop_dag.py for tasks to queue
[2025-05-25T17:07:20.669+0000] {logging_mixin.py:188} INFO - [2025-05-25T17:07:20.668+0000] {dagbag.py:538} INFO - Filling up the DagBag from /opt/airflow/dags/ptt_macshop_dag.py
[2025-05-25T17:07:20.748+0000] {processor.py:840} INFO - DAG(s) 'ptt_macshop_scraper' retrieved from /opt/airflow/dags/ptt_macshop_dag.py
[2025-05-25T17:07:20.773+0000] {logging_mixin.py:188} INFO - [2025-05-25T17:07:20.773+0000] {dag.py:3033} INFO - Sync 1 DAGs
[2025-05-25T17:07:20.806+0000] {logging_mixin.py:188} INFO - [2025-05-25T17:07:20.806+0000] {dag.py:3820} INFO - Setting next_dagrun for ptt_macshop_scraper to 2025-05-25T00:00:00+00:00, run_after=2025-05-26T00:00:00+00:00
[2025-05-25T17:07:20.819+0000] {processor.py:183} INFO - Processing /opt/airflow/dags/ptt_macshop_dag.py took 0.164 seconds
[2025-05-25T17:07:51.128+0000] {processor.py:161} INFO - Started process (PID=108) to work on /opt/airflow/dags/ptt_macshop_dag.py
[2025-05-25T17:07:51.130+0000] {processor.py:830} INFO - Processing file /opt/airflow/dags/ptt_macshop_dag.py for tasks to queue
[2025-05-25T17:07:51.134+0000] {logging_mixin.py:188} INFO - [2025-05-25T17:07:51.134+0000] {dagbag.py:538} INFO - Filling up the DagBag from /opt/airflow/dags/ptt_macshop_dag.py
[2025-05-25T17:07:51.217+0000] {processor.py:840} INFO - DAG(s) 'ptt_macshop_scraper' retrieved from /opt/airflow/dags/ptt_macshop_dag.py
[2025-05-25T17:07:51.241+0000] {logging_mixin.py:188} INFO - [2025-05-25T17:07:51.241+0000] {dag.py:3033} INFO - Sync 1 DAGs
[2025-05-25T17:07:51.256+0000] {logging_mixin.py:188} INFO - [2025-05-25T17:07:51.256+0000] {dag.py:3820} INFO - Setting next_dagrun for ptt_macshop_scraper to 2025-05-25T00:00:00+00:00, run_after=2025-05-26T00:00:00+00:00
[2025-05-25T17:07:51.266+0000] {processor.py:183} INFO - Processing /opt/airflow/dags/ptt_macshop_dag.py took 0.149 seconds
[2025-05-25T17:08:21.476+0000] {processor.py:161} INFO - Started process (PID=110) to work on /opt/airflow/dags/ptt_macshop_dag.py
[2025-05-25T17:08:21.479+0000] {processor.py:830} INFO - Processing file /opt/airflow/dags/ptt_macshop_dag.py for tasks to queue
[2025-05-25T17:08:21.484+0000] {logging_mixin.py:188} INFO - [2025-05-25T17:08:21.483+0000] {dagbag.py:538} INFO - Filling up the DagBag from /opt/airflow/dags/ptt_macshop_dag.py
[2025-05-25T17:08:21.571+0000] {processor.py:840} INFO - DAG(s) 'ptt_macshop_scraper' retrieved from /opt/airflow/dags/ptt_macshop_dag.py
[2025-05-25T17:08:21.610+0000] {logging_mixin.py:188} INFO - [2025-05-25T17:08:21.610+0000] {dag.py:3033} INFO - Sync 1 DAGs
[2025-05-25T17:08:21.627+0000] {logging_mixin.py:188} INFO - [2025-05-25T17:08:21.627+0000] {dag.py:3820} INFO - Setting next_dagrun for ptt_macshop_scraper to 2025-05-25T00:00:00+00:00, run_after=2025-05-26T00:00:00+00:00
[2025-05-25T17:08:21.638+0000] {processor.py:183} INFO - Processing /opt/airflow/dags/ptt_macshop_dag.py took 0.171 seconds
[2025-05-25T17:08:51.835+0000] {processor.py:161} INFO - Started process (PID=112) to work on /opt/airflow/dags/ptt_macshop_dag.py
[2025-05-25T17:08:51.836+0000] {processor.py:830} INFO - Processing file /opt/airflow/dags/ptt_macshop_dag.py for tasks to queue
[2025-05-25T17:08:51.841+0000] {logging_mixin.py:188} INFO - [2025-05-25T17:08:51.840+0000] {dagbag.py:538} INFO - Filling up the DagBag from /opt/airflow/dags/ptt_macshop_dag.py
[2025-05-25T17:08:51.907+0000] {processor.py:840} INFO - DAG(s) 'ptt_macshop_scraper' retrieved from /opt/airflow/dags/ptt_macshop_dag.py
[2025-05-25T17:08:51.951+0000] {logging_mixin.py:188} INFO - [2025-05-25T17:08:51.950+0000] {dag.py:3033} INFO - Sync 1 DAGs
[2025-05-25T17:08:51.976+0000] {logging_mixin.py:188} INFO - [2025-05-25T17:08:51.975+0000] {dag.py:3820} INFO - Setting next_dagrun for ptt_macshop_scraper to 2025-05-25T00:00:00+00:00, run_after=2025-05-26T00:00:00+00:00
[2025-05-25T17:08:51.988+0000] {processor.py:183} INFO - Processing /opt/airflow/dags/ptt_macshop_dag.py took 0.160 seconds
[2025-05-25T17:09:22.237+0000] {processor.py:161} INFO - Started process (PID=114) to work on /opt/airflow/dags/ptt_macshop_dag.py
[2025-05-25T17:09:22.239+0000] {processor.py:830} INFO - Processing file /opt/airflow/dags/ptt_macshop_dag.py for tasks to queue
[2025-05-25T17:09:22.242+0000] {logging_mixin.py:188} INFO - [2025-05-25T17:09:22.242+0000] {dagbag.py:538} INFO - Filling up the DagBag from /opt/airflow/dags/ptt_macshop_dag.py
[2025-05-25T17:09:22.308+0000] {processor.py:840} INFO - DAG(s) 'ptt_macshop_scraper' retrieved from /opt/airflow/dags/ptt_macshop_dag.py
[2025-05-25T17:09:22.323+0000] {logging_mixin.py:188} INFO - [2025-05-25T17:09:22.323+0000] {dag.py:3033} INFO - Sync 1 DAGs
[2025-05-25T17:09:22.337+0000] {logging_mixin.py:188} INFO - [2025-05-25T17:09:22.337+0000] {dag.py:3820} INFO - Setting next_dagrun for ptt_macshop_scraper to 2025-05-25T00:00:00+00:00, run_after=2025-05-26T00:00:00+00:00
[2025-05-25T17:09:22.349+0000] {processor.py:183} INFO - Processing /opt/airflow/dags/ptt_macshop_dag.py took 0.117 seconds
[2025-05-25T17:09:52.598+0000] {processor.py:161} INFO - Started process (PID=116) to work on /opt/airflow/dags/ptt_macshop_dag.py
[2025-05-25T17:09:52.600+0000] {processor.py:830} INFO - Processing file /opt/airflow/dags/ptt_macshop_dag.py for tasks to queue
[2025-05-25T17:09:52.604+0000] {logging_mixin.py:188} INFO - [2025-05-25T17:09:52.603+0000] {dagbag.py:538} INFO - Filling up the DagBag from /opt/airflow/dags/ptt_macshop_dag.py
[2025-05-25T17:09:52.667+0000] {processor.py:840} INFO - DAG(s) 'ptt_macshop_scraper' retrieved from /opt/airflow/dags/ptt_macshop_dag.py
[2025-05-25T17:09:52.691+0000] {logging_mixin.py:188} INFO - [2025-05-25T17:09:52.691+0000] {dag.py:3033} INFO - Sync 1 DAGs
[2025-05-25T17:09:52.725+0000] {logging_mixin.py:188} INFO - [2025-05-25T17:09:52.725+0000] {dag.py:3820} INFO - Setting next_dagrun for ptt_macshop_scraper to 2025-05-25T00:00:00+00:00, run_after=2025-05-26T00:00:00+00:00
[2025-05-25T17:09:52.738+0000] {processor.py:183} INFO - Processing /opt/airflow/dags/ptt_macshop_dag.py took 0.146 seconds
[2025-05-25T17:10:22.934+0000] {processor.py:161} INFO - Started process (PID=118) to work on /opt/airflow/dags/ptt_macshop_dag.py
[2025-05-25T17:10:22.936+0000] {processor.py:830} INFO - Processing file /opt/airflow/dags/ptt_macshop_dag.py for tasks to queue
[2025-05-25T17:10:22.940+0000] {logging_mixin.py:188} INFO - [2025-05-25T17:10:22.939+0000] {dagbag.py:538} INFO - Filling up the DagBag from /opt/airflow/dags/ptt_macshop_dag.py
[2025-05-25T17:10:23.016+0000] {processor.py:840} INFO - DAG(s) 'ptt_macshop_scraper' retrieved from /opt/airflow/dags/ptt_macshop_dag.py
[2025-05-25T17:10:23.044+0000] {logging_mixin.py:188} INFO - [2025-05-25T17:10:23.044+0000] {dag.py:3033} INFO - Sync 1 DAGs
[2025-05-25T17:10:23.062+0000] {logging_mixin.py:188} INFO - [2025-05-25T17:10:23.062+0000] {dag.py:3820} INFO - Setting next_dagrun for ptt_macshop_scraper to 2025-05-25T00:00:00+00:00, run_after=2025-05-26T00:00:00+00:00
[2025-05-25T17:10:23.073+0000] {processor.py:183} INFO - Processing /opt/airflow/dags/ptt_macshop_dag.py took 0.146 seconds
[2025-05-25T17:10:53.826+0000] {processor.py:161} INFO - Started process (PID=120) to work on /opt/airflow/dags/ptt_macshop_dag.py
[2025-05-25T17:10:53.827+0000] {processor.py:830} INFO - Processing file /opt/airflow/dags/ptt_macshop_dag.py for tasks to queue
[2025-05-25T17:10:53.833+0000] {logging_mixin.py:188} INFO - [2025-05-25T17:10:53.832+0000] {dagbag.py:538} INFO - Filling up the DagBag from /opt/airflow/dags/ptt_macshop_dag.py
[2025-05-25T17:10:53.908+0000] {processor.py:840} INFO - DAG(s) 'ptt_macshop_scraper' retrieved from /opt/airflow/dags/ptt_macshop_dag.py
[2025-05-25T17:10:53.928+0000] {logging_mixin.py:188} INFO - [2025-05-25T17:10:53.928+0000] {dag.py:3033} INFO - Sync 1 DAGs
[2025-05-25T17:10:53.944+0000] {logging_mixin.py:188} INFO - [2025-05-25T17:10:53.944+0000] {dag.py:3820} INFO - Setting next_dagrun for ptt_macshop_scraper to 2025-05-25T00:00:00+00:00, run_after=2025-05-26T00:00:00+00:00
[2025-05-25T17:10:53.955+0000] {processor.py:183} INFO - Processing /opt/airflow/dags/ptt_macshop_dag.py took 0.135 seconds
[2025-05-25T17:11:24.382+0000] {processor.py:161} INFO - Started process (PID=122) to work on /opt/airflow/dags/ptt_macshop_dag.py
[2025-05-25T17:11:24.385+0000] {processor.py:830} INFO - Processing file /opt/airflow/dags/ptt_macshop_dag.py for tasks to queue
[2025-05-25T17:11:24.389+0000] {logging_mixin.py:188} INFO - [2025-05-25T17:11:24.388+0000] {dagbag.py:538} INFO - Filling up the DagBag from /opt/airflow/dags/ptt_macshop_dag.py
[2025-05-25T17:11:24.505+0000] {processor.py:840} INFO - DAG(s) 'ptt_macshop_scraper' retrieved from /opt/airflow/dags/ptt_macshop_dag.py
[2025-05-25T17:11:24.554+0000] {logging_mixin.py:188} INFO - [2025-05-25T17:11:24.554+0000] {dag.py:3033} INFO - Sync 1 DAGs
[2025-05-25T17:11:24.616+0000] {logging_mixin.py:188} INFO - [2025-05-25T17:11:24.615+0000] {dag.py:3820} INFO - Setting next_dagrun for ptt_macshop_scraper to 2025-05-25T00:00:00+00:00, run_after=2025-05-26T00:00:00+00:00
[2025-05-25T17:11:24.659+0000] {processor.py:183} INFO - Processing /opt/airflow/dags/ptt_macshop_dag.py took 0.287 seconds
[2025-05-25T17:11:54.775+0000] {processor.py:161} INFO - Started process (PID=124) to work on /opt/airflow/dags/ptt_macshop_dag.py
[2025-05-25T17:11:54.778+0000] {processor.py:830} INFO - Processing file /opt/airflow/dags/ptt_macshop_dag.py for tasks to queue
[2025-05-25T17:11:54.781+0000] {logging_mixin.py:188} INFO - [2025-05-25T17:11:54.781+0000] {dagbag.py:538} INFO - Filling up the DagBag from /opt/airflow/dags/ptt_macshop_dag.py
[2025-05-25T17:11:54.856+0000] {processor.py:840} INFO - DAG(s) 'ptt_macshop_scraper' retrieved from /opt/airflow/dags/ptt_macshop_dag.py
[2025-05-25T17:11:54.882+0000] {logging_mixin.py:188} INFO - [2025-05-25T17:11:54.882+0000] {dag.py:3033} INFO - Sync 1 DAGs
[2025-05-25T17:11:54.915+0000] {logging_mixin.py:188} INFO - [2025-05-25T17:11:54.914+0000] {dag.py:3820} INFO - Setting next_dagrun for ptt_macshop_scraper to 2025-05-25T00:00:00+00:00, run_after=2025-05-26T00:00:00+00:00
[2025-05-25T17:11:54.926+0000] {processor.py:183} INFO - Processing /opt/airflow/dags/ptt_macshop_dag.py took 0.158 seconds
[2025-05-25T17:12:51.367+0000] {processor.py:161} INFO - Started process (PID=125) to work on /opt/airflow/dags/ptt_macshop_dag.py
[2025-05-25T17:12:51.369+0000] {processor.py:830} INFO - Processing file /opt/airflow/dags/ptt_macshop_dag.py for tasks to queue
[2025-05-25T17:12:51.371+0000] {logging_mixin.py:188} INFO - [2025-05-25T17:12:51.371+0000] {dagbag.py:538} INFO - Filling up the DagBag from /opt/airflow/dags/ptt_macshop_dag.py
[2025-05-25T17:12:51.445+0000] {processor.py:840} INFO - DAG(s) 'ptt_macshop_scraper' retrieved from /opt/airflow/dags/ptt_macshop_dag.py
[2025-05-25T17:12:51.461+0000] {logging_mixin.py:188} INFO - [2025-05-25T17:12:51.461+0000] {dag.py:3033} INFO - Sync 1 DAGs
[2025-05-25T17:12:51.472+0000] {logging_mixin.py:188} INFO - [2025-05-25T17:12:51.472+0000] {dag.py:3820} INFO - Setting next_dagrun for ptt_macshop_scraper to 2025-05-25T00:00:00+00:00, run_after=2025-05-26T00:00:00+00:00
[2025-05-25T17:12:51.480+0000] {processor.py:183} INFO - Processing /opt/airflow/dags/ptt_macshop_dag.py took 0.120 seconds
[2025-05-25T17:13:29.716+0000] {processor.py:161} INFO - Started process (PID=127) to work on /opt/airflow/dags/ptt_macshop_dag.py
[2025-05-25T17:13:29.719+0000] {processor.py:830} INFO - Processing file /opt/airflow/dags/ptt_macshop_dag.py for tasks to queue
[2025-05-25T17:13:29.722+0000] {logging_mixin.py:188} INFO - [2025-05-25T17:13:29.721+0000] {dagbag.py:538} INFO - Filling up the DagBag from /opt/airflow/dags/ptt_macshop_dag.py
[2025-05-25T17:13:29.794+0000] {processor.py:840} INFO - DAG(s) 'ptt_macshop_scraper' retrieved from /opt/airflow/dags/ptt_macshop_dag.py
[2025-05-25T17:13:29.816+0000] {logging_mixin.py:188} INFO - [2025-05-25T17:13:29.816+0000] {dag.py:3033} INFO - Sync 1 DAGs
[2025-05-25T17:13:29.826+0000] {logging_mixin.py:188} INFO - [2025-05-25T17:13:29.825+0000] {dag.py:3820} INFO - Setting next_dagrun for ptt_macshop_scraper to 2025-05-25T00:00:00+00:00, run_after=2025-05-26T00:00:00+00:00
[2025-05-25T17:13:29.838+0000] {processor.py:183} INFO - Processing /opt/airflow/dags/ptt_macshop_dag.py took 0.130 seconds
[2025-05-25T17:14:00.296+0000] {processor.py:161} INFO - Started process (PID=129) to work on /opt/airflow/dags/ptt_macshop_dag.py
[2025-05-25T17:14:00.299+0000] {processor.py:830} INFO - Processing file /opt/airflow/dags/ptt_macshop_dag.py for tasks to queue
[2025-05-25T17:14:00.305+0000] {logging_mixin.py:188} INFO - [2025-05-25T17:14:00.304+0000] {dagbag.py:538} INFO - Filling up the DagBag from /opt/airflow/dags/ptt_macshop_dag.py
[2025-05-25T17:14:00.386+0000] {processor.py:840} INFO - DAG(s) 'ptt_macshop_scraper' retrieved from /opt/airflow/dags/ptt_macshop_dag.py
[2025-05-25T17:14:00.403+0000] {logging_mixin.py:188} INFO - [2025-05-25T17:14:00.403+0000] {dag.py:3033} INFO - Sync 1 DAGs
[2025-05-25T17:14:00.413+0000] {logging_mixin.py:188} INFO - [2025-05-25T17:14:00.413+0000] {dag.py:3820} INFO - Setting next_dagrun for ptt_macshop_scraper to 2025-05-25T00:00:00+00:00, run_after=2025-05-26T00:00:00+00:00
[2025-05-25T17:14:00.421+0000] {processor.py:183} INFO - Processing /opt/airflow/dags/ptt_macshop_dag.py took 0.133 seconds
[2025-05-25T17:14:58.413+0000] {processor.py:161} INFO - Started process (PID=131) to work on /opt/airflow/dags/ptt_macshop_dag.py
[2025-05-25T17:14:58.418+0000] {processor.py:830} INFO - Processing file /opt/airflow/dags/ptt_macshop_dag.py for tasks to queue
[2025-05-25T17:14:58.424+0000] {logging_mixin.py:188} INFO - [2025-05-25T17:14:58.423+0000] {dagbag.py:538} INFO - Filling up the DagBag from /opt/airflow/dags/ptt_macshop_dag.py
[2025-05-25T17:14:58.512+0000] {processor.py:840} INFO - DAG(s) 'ptt_macshop_scraper' retrieved from /opt/airflow/dags/ptt_macshop_dag.py
[2025-05-25T17:14:58.547+0000] {logging_mixin.py:188} INFO - [2025-05-25T17:14:58.547+0000] {dag.py:3033} INFO - Sync 1 DAGs
[2025-05-25T17:14:58.563+0000] {logging_mixin.py:188} INFO - [2025-05-25T17:14:58.563+0000] {dag.py:3820} INFO - Setting next_dagrun for ptt_macshop_scraper to 2025-05-25T00:00:00+00:00, run_after=2025-05-26T00:00:00+00:00
[2025-05-25T17:14:58.572+0000] {processor.py:183} INFO - Processing /opt/airflow/dags/ptt_macshop_dag.py took 0.186 seconds
[2025-05-25T17:15:56.483+0000] {processor.py:161} INFO - Started process (PID=133) to work on /opt/airflow/dags/ptt_macshop_dag.py
[2025-05-25T17:15:56.485+0000] {processor.py:830} INFO - Processing file /opt/airflow/dags/ptt_macshop_dag.py for tasks to queue
[2025-05-25T17:15:56.490+0000] {logging_mixin.py:188} INFO - [2025-05-25T17:15:56.490+0000] {dagbag.py:538} INFO - Filling up the DagBag from /opt/airflow/dags/ptt_macshop_dag.py
[2025-05-25T17:15:56.573+0000] {processor.py:840} INFO - DAG(s) 'ptt_macshop_scraper' retrieved from /opt/airflow/dags/ptt_macshop_dag.py
[2025-05-25T17:15:56.588+0000] {logging_mixin.py:188} INFO - [2025-05-25T17:15:56.588+0000] {dag.py:3033} INFO - Sync 1 DAGs
[2025-05-25T17:15:56.599+0000] {logging_mixin.py:188} INFO - [2025-05-25T17:15:56.599+0000] {dag.py:3820} INFO - Setting next_dagrun for ptt_macshop_scraper to 2025-05-25T00:00:00+00:00, run_after=2025-05-26T00:00:00+00:00
[2025-05-25T17:15:56.607+0000] {processor.py:183} INFO - Processing /opt/airflow/dags/ptt_macshop_dag.py took 0.138 seconds
[2025-05-25T17:16:27.068+0000] {processor.py:161} INFO - Started process (PID=135) to work on /opt/airflow/dags/ptt_macshop_dag.py
[2025-05-25T17:16:27.069+0000] {processor.py:830} INFO - Processing file /opt/airflow/dags/ptt_macshop_dag.py for tasks to queue
[2025-05-25T17:16:27.072+0000] {logging_mixin.py:188} INFO - [2025-05-25T17:16:27.072+0000] {dagbag.py:538} INFO - Filling up the DagBag from /opt/airflow/dags/ptt_macshop_dag.py
[2025-05-25T17:16:27.138+0000] {processor.py:840} INFO - DAG(s) 'ptt_macshop_scraper' retrieved from /opt/airflow/dags/ptt_macshop_dag.py
[2025-05-25T17:16:27.153+0000] {logging_mixin.py:188} INFO - [2025-05-25T17:16:27.153+0000] {dag.py:3033} INFO - Sync 1 DAGs
[2025-05-25T17:16:27.165+0000] {logging_mixin.py:188} INFO - [2025-05-25T17:16:27.165+0000] {dag.py:3820} INFO - Setting next_dagrun for ptt_macshop_scraper to 2025-05-25T00:00:00+00:00, run_after=2025-05-26T00:00:00+00:00
[2025-05-25T17:16:27.173+0000] {processor.py:183} INFO - Processing /opt/airflow/dags/ptt_macshop_dag.py took 0.110 seconds
[2025-05-25T17:17:25.743+0000] {processor.py:161} INFO - Started process (PID=137) to work on /opt/airflow/dags/ptt_macshop_dag.py
[2025-05-25T17:17:25.746+0000] {processor.py:830} INFO - Processing file /opt/airflow/dags/ptt_macshop_dag.py for tasks to queue
[2025-05-25T17:17:25.753+0000] {logging_mixin.py:188} INFO - [2025-05-25T17:17:25.752+0000] {dagbag.py:538} INFO - Filling up the DagBag from /opt/airflow/dags/ptt_macshop_dag.py
[2025-05-25T17:17:25.859+0000] {processor.py:840} INFO - DAG(s) 'ptt_macshop_scraper' retrieved from /opt/airflow/dags/ptt_macshop_dag.py
[2025-05-25T17:17:25.878+0000] {logging_mixin.py:188} INFO - [2025-05-25T17:17:25.878+0000] {dag.py:3033} INFO - Sync 1 DAGs
[2025-05-25T17:17:25.889+0000] {logging_mixin.py:188} INFO - [2025-05-25T17:17:25.889+0000] {dag.py:3820} INFO - Setting next_dagrun for ptt_macshop_scraper to 2025-05-25T00:00:00+00:00, run_after=2025-05-26T00:00:00+00:00
[2025-05-25T17:17:25.897+0000] {processor.py:183} INFO - Processing /opt/airflow/dags/ptt_macshop_dag.py took 0.162 seconds
[2025-05-25T17:17:56.253+0000] {processor.py:161} INFO - Started process (PID=139) to work on /opt/airflow/dags/ptt_macshop_dag.py
[2025-05-25T17:17:56.254+0000] {processor.py:830} INFO - Processing file /opt/airflow/dags/ptt_macshop_dag.py for tasks to queue
[2025-05-25T17:17:56.257+0000] {logging_mixin.py:188} INFO - [2025-05-25T17:17:56.257+0000] {dagbag.py:538} INFO - Filling up the DagBag from /opt/airflow/dags/ptt_macshop_dag.py
[2025-05-25T17:17:56.326+0000] {processor.py:840} INFO - DAG(s) 'ptt_macshop_scraper' retrieved from /opt/airflow/dags/ptt_macshop_dag.py
[2025-05-25T17:17:56.342+0000] {logging_mixin.py:188} INFO - [2025-05-25T17:17:56.342+0000] {dag.py:3033} INFO - Sync 1 DAGs
[2025-05-25T17:17:56.352+0000] {logging_mixin.py:188} INFO - [2025-05-25T17:17:56.352+0000] {dag.py:3820} INFO - Setting next_dagrun for ptt_macshop_scraper to 2025-05-25T00:00:00+00:00, run_after=2025-05-26T00:00:00+00:00
[2025-05-25T17:17:56.360+0000] {processor.py:183} INFO - Processing /opt/airflow/dags/ptt_macshop_dag.py took 0.111 seconds
[2025-05-25T17:18:54.731+0000] {processor.py:161} INFO - Started process (PID=141) to work on /opt/airflow/dags/ptt_macshop_dag.py
[2025-05-25T17:18:54.733+0000] {processor.py:830} INFO - Processing file /opt/airflow/dags/ptt_macshop_dag.py for tasks to queue
[2025-05-25T17:18:54.737+0000] {logging_mixin.py:188} INFO - [2025-05-25T17:18:54.737+0000] {dagbag.py:538} INFO - Filling up the DagBag from /opt/airflow/dags/ptt_macshop_dag.py
[2025-05-25T17:18:54.813+0000] {processor.py:840} INFO - DAG(s) 'ptt_macshop_scraper' retrieved from /opt/airflow/dags/ptt_macshop_dag.py
[2025-05-25T17:18:54.829+0000] {logging_mixin.py:188} INFO - [2025-05-25T17:18:54.828+0000] {dag.py:3033} INFO - Sync 1 DAGs
[2025-05-25T17:18:54.839+0000] {logging_mixin.py:188} INFO - [2025-05-25T17:18:54.839+0000] {dag.py:3820} INFO - Setting next_dagrun for ptt_macshop_scraper to 2025-05-25T00:00:00+00:00, run_after=2025-05-26T00:00:00+00:00
[2025-05-25T17:18:54.847+0000] {processor.py:183} INFO - Processing /opt/airflow/dags/ptt_macshop_dag.py took 0.123 seconds
[2025-05-25T17:19:53.517+0000] {processor.py:161} INFO - Started process (PID=143) to work on /opt/airflow/dags/ptt_macshop_dag.py
[2025-05-25T17:19:53.521+0000] {processor.py:830} INFO - Processing file /opt/airflow/dags/ptt_macshop_dag.py for tasks to queue
[2025-05-25T17:19:53.526+0000] {logging_mixin.py:188} INFO - [2025-05-25T17:19:53.526+0000] {dagbag.py:538} INFO - Filling up the DagBag from /opt/airflow/dags/ptt_macshop_dag.py
[2025-05-25T17:19:53.640+0000] {processor.py:840} INFO - DAG(s) 'ptt_macshop_scraper' retrieved from /opt/airflow/dags/ptt_macshop_dag.py
[2025-05-25T17:19:53.672+0000] {logging_mixin.py:188} INFO - [2025-05-25T17:19:53.671+0000] {dag.py:3033} INFO - Sync 1 DAGs
[2025-05-25T17:19:53.687+0000] {logging_mixin.py:188} INFO - [2025-05-25T17:19:53.686+0000] {dag.py:3820} INFO - Setting next_dagrun for ptt_macshop_scraper to 2025-05-25T00:00:00+00:00, run_after=2025-05-26T00:00:00+00:00
[2025-05-25T17:19:53.696+0000] {processor.py:183} INFO - Processing /opt/airflow/dags/ptt_macshop_dag.py took 0.194 seconds
