[2025-05-17T13:05:48.501+0000] {processor.py:161} INFO - Started process (PID=34) to work on /opt/airflow/dags/hello_world.py
[2025-05-17T13:05:48.502+0000] {processor.py:830} INFO - Processing file /opt/airflow/dags/hello_world.py for tasks to queue
[2025-05-17T13:05:48.505+0000] {logging_mixin.py:188} INFO - [2025-05-17T13:05:48.504+0000] {dagbag.py:538} INFO - Filling up the DagBag from /opt/airflow/dags/hello_world.py
[2025-05-17T13:05:48.528+0000] {processor.py:840} INFO - DAG(s) 'hello_world' retrieved from /opt/airflow/dags/hello_world.py
[2025-05-17T13:05:48.673+0000] {logging_mixin.py:188} INFO - [2025-05-17T13:05:48.672+0000] {override.py:1769} INFO - Created Permission View: can delete on DAG:hello_world
[2025-05-17T13:05:48.677+0000] {logging_mixin.py:188} INFO - [2025-05-17T13:05:48.677+0000] {override.py:1769} INFO - Created Permission View: can read on DAG:hello_world
[2025-05-17T13:05:48.679+0000] {logging_mixin.py:188} INFO - [2025-05-17T13:05:48.679+0000] {override.py:1769} INFO - Created Permission View: can edit on DAG:hello_world
[2025-05-17T13:05:48.679+0000] {logging_mixin.py:188} INFO - [2025-05-17T13:05:48.679+0000] {dag.py:3033} INFO - Sync 1 DAGs
[2025-05-17T13:05:48.685+0000] {logging_mixin.py:188} INFO - [2025-05-17T13:05:48.685+0000] {dag.py:3055} INFO - Creating ORM DAG for hello_world
[2025-05-17T13:05:48.690+0000] {logging_mixin.py:188} INFO - [2025-05-17T13:05:48.690+0000] {dag.py:3820} INFO - Setting next_dagrun for hello_world to 2025-05-16T00:00:00+00:00, run_after=2025-05-17T00:00:00+00:00
[2025-05-17T13:05:48.698+0000] {processor.py:183} INFO - Processing /opt/airflow/dags/hello_world.py took 0.205 seconds
[2025-05-17T13:06:18.798+0000] {processor.py:161} INFO - Started process (PID=35) to work on /opt/airflow/dags/hello_world.py
[2025-05-17T13:06:18.800+0000] {processor.py:830} INFO - Processing file /opt/airflow/dags/hello_world.py for tasks to queue
[2025-05-17T13:06:18.805+0000] {logging_mixin.py:188} INFO - [2025-05-17T13:06:18.805+0000] {dagbag.py:538} INFO - Filling up the DagBag from /opt/airflow/dags/hello_world.py
[2025-05-17T13:06:18.815+0000] {processor.py:840} INFO - DAG(s) 'hello_world' retrieved from /opt/airflow/dags/hello_world.py
[2025-05-17T13:06:18.840+0000] {logging_mixin.py:188} INFO - [2025-05-17T13:06:18.840+0000] {dag.py:3033} INFO - Sync 1 DAGs
[2025-05-17T13:06:18.869+0000] {logging_mixin.py:188} INFO - [2025-05-17T13:06:18.869+0000] {dag.py:3820} INFO - Setting next_dagrun for hello_world to 2025-05-17T00:00:00+00:00, run_after=2025-05-18T00:00:00+00:00
[2025-05-17T13:06:18.881+0000] {processor.py:183} INFO - Processing /opt/airflow/dags/hello_world.py took 0.087 seconds
[2025-05-17T13:06:49.094+0000] {processor.py:161} INFO - Started process (PID=36) to work on /opt/airflow/dags/hello_world.py
[2025-05-17T13:06:49.096+0000] {processor.py:830} INFO - Processing file /opt/airflow/dags/hello_world.py for tasks to queue
[2025-05-17T13:06:49.101+0000] {logging_mixin.py:188} INFO - [2025-05-17T13:06:49.101+0000] {dagbag.py:538} INFO - Filling up the DagBag from /opt/airflow/dags/hello_world.py
[2025-05-17T13:06:49.136+0000] {processor.py:840} INFO - DAG(s) 'hello_world' retrieved from /opt/airflow/dags/hello_world.py
[2025-05-17T13:06:49.166+0000] {logging_mixin.py:188} INFO - [2025-05-17T13:06:49.165+0000] {dag.py:3033} INFO - Sync 1 DAGs
[2025-05-17T13:06:49.181+0000] {logging_mixin.py:188} INFO - [2025-05-17T13:06:49.181+0000] {dag.py:3820} INFO - Setting next_dagrun for hello_world to 2025-05-17T00:00:00+00:00, run_after=2025-05-18T00:00:00+00:00
[2025-05-17T13:06:49.191+0000] {processor.py:183} INFO - Processing /opt/airflow/dags/hello_world.py took 0.105 seconds
[2025-05-17T13:07:19.420+0000] {processor.py:161} INFO - Started process (PID=37) to work on /opt/airflow/dags/hello_world.py
[2025-05-17T13:07:19.422+0000] {processor.py:830} INFO - Processing file /opt/airflow/dags/hello_world.py for tasks to queue
[2025-05-17T13:07:19.426+0000] {logging_mixin.py:188} INFO - [2025-05-17T13:07:19.424+0000] {dagbag.py:538} INFO - Filling up the DagBag from /opt/airflow/dags/hello_world.py
[2025-05-17T13:07:19.444+0000] {processor.py:840} INFO - DAG(s) 'hello_world' retrieved from /opt/airflow/dags/hello_world.py
[2025-05-17T13:07:19.477+0000] {logging_mixin.py:188} INFO - [2025-05-17T13:07:19.477+0000] {dag.py:3033} INFO - Sync 1 DAGs
[2025-05-17T13:07:19.492+0000] {logging_mixin.py:188} INFO - [2025-05-17T13:07:19.492+0000] {dag.py:3820} INFO - Setting next_dagrun for hello_world to 2025-05-17T00:00:00+00:00, run_after=2025-05-18T00:00:00+00:00
[2025-05-17T13:07:19.501+0000] {processor.py:183} INFO - Processing /opt/airflow/dags/hello_world.py took 0.086 seconds
[2025-05-17T13:07:49.712+0000] {processor.py:161} INFO - Started process (PID=38) to work on /opt/airflow/dags/hello_world.py
[2025-05-17T13:07:49.713+0000] {processor.py:830} INFO - Processing file /opt/airflow/dags/hello_world.py for tasks to queue
[2025-05-17T13:07:49.716+0000] {logging_mixin.py:188} INFO - [2025-05-17T13:07:49.716+0000] {dagbag.py:538} INFO - Filling up the DagBag from /opt/airflow/dags/hello_world.py
[2025-05-17T13:07:49.728+0000] {processor.py:840} INFO - DAG(s) 'hello_world' retrieved from /opt/airflow/dags/hello_world.py
[2025-05-17T13:07:49.752+0000] {logging_mixin.py:188} INFO - [2025-05-17T13:07:49.752+0000] {dag.py:3033} INFO - Sync 1 DAGs
[2025-05-17T13:07:49.764+0000] {logging_mixin.py:188} INFO - [2025-05-17T13:07:49.764+0000] {dag.py:3820} INFO - Setting next_dagrun for hello_world to 2025-05-17T00:00:00+00:00, run_after=2025-05-18T00:00:00+00:00
[2025-05-17T13:07:49.776+0000] {processor.py:183} INFO - Processing /opt/airflow/dags/hello_world.py took 0.073 seconds
[2025-05-17T13:08:20.020+0000] {processor.py:161} INFO - Started process (PID=39) to work on /opt/airflow/dags/hello_world.py
[2025-05-17T13:08:20.021+0000] {processor.py:830} INFO - Processing file /opt/airflow/dags/hello_world.py for tasks to queue
[2025-05-17T13:08:20.025+0000] {logging_mixin.py:188} INFO - [2025-05-17T13:08:20.025+0000] {dagbag.py:538} INFO - Filling up the DagBag from /opt/airflow/dags/hello_world.py
[2025-05-17T13:08:20.045+0000] {processor.py:840} INFO - DAG(s) 'hello_world' retrieved from /opt/airflow/dags/hello_world.py
[2025-05-17T13:08:20.075+0000] {logging_mixin.py:188} INFO - [2025-05-17T13:08:20.075+0000] {dag.py:3033} INFO - Sync 1 DAGs
[2025-05-17T13:08:20.089+0000] {logging_mixin.py:188} INFO - [2025-05-17T13:08:20.089+0000] {dag.py:3820} INFO - Setting next_dagrun for hello_world to 2025-05-17T00:00:00+00:00, run_after=2025-05-18T00:00:00+00:00
[2025-05-17T13:08:20.098+0000] {processor.py:183} INFO - Processing /opt/airflow/dags/hello_world.py took 0.085 seconds
[2025-05-17T13:08:50.302+0000] {processor.py:161} INFO - Started process (PID=40) to work on /opt/airflow/dags/hello_world.py
[2025-05-17T13:08:50.304+0000] {processor.py:830} INFO - Processing file /opt/airflow/dags/hello_world.py for tasks to queue
[2025-05-17T13:08:50.307+0000] {logging_mixin.py:188} INFO - [2025-05-17T13:08:50.307+0000] {dagbag.py:538} INFO - Filling up the DagBag from /opt/airflow/dags/hello_world.py
[2025-05-17T13:08:50.322+0000] {processor.py:840} INFO - DAG(s) 'hello_world' retrieved from /opt/airflow/dags/hello_world.py
[2025-05-17T13:08:50.349+0000] {logging_mixin.py:188} INFO - [2025-05-17T13:08:50.349+0000] {dag.py:3033} INFO - Sync 1 DAGs
[2025-05-17T13:08:50.363+0000] {logging_mixin.py:188} INFO - [2025-05-17T13:08:50.363+0000] {dag.py:3820} INFO - Setting next_dagrun for hello_world to 2025-05-17T00:00:00+00:00, run_after=2025-05-18T00:00:00+00:00
[2025-05-17T13:08:50.373+0000] {processor.py:183} INFO - Processing /opt/airflow/dags/hello_world.py took 0.079 seconds
[2025-05-17T13:09:20.638+0000] {processor.py:161} INFO - Started process (PID=41) to work on /opt/airflow/dags/hello_world.py
[2025-05-17T13:09:20.640+0000] {processor.py:830} INFO - Processing file /opt/airflow/dags/hello_world.py for tasks to queue
[2025-05-17T13:09:20.645+0000] {logging_mixin.py:188} INFO - [2025-05-17T13:09:20.644+0000] {dagbag.py:538} INFO - Filling up the DagBag from /opt/airflow/dags/hello_world.py
[2025-05-17T13:09:20.666+0000] {processor.py:840} INFO - DAG(s) 'hello_world' retrieved from /opt/airflow/dags/hello_world.py
[2025-05-17T13:09:20.703+0000] {logging_mixin.py:188} INFO - [2025-05-17T13:09:20.703+0000] {dag.py:3033} INFO - Sync 1 DAGs
[2025-05-17T13:09:20.718+0000] {logging_mixin.py:188} INFO - [2025-05-17T13:09:20.718+0000] {dag.py:3820} INFO - Setting next_dagrun for hello_world to 2025-05-17T00:00:00+00:00, run_after=2025-05-18T00:00:00+00:00
[2025-05-17T13:09:20.727+0000] {processor.py:183} INFO - Processing /opt/airflow/dags/hello_world.py took 0.096 seconds
[2025-05-17T13:09:50.942+0000] {processor.py:161} INFO - Started process (PID=42) to work on /opt/airflow/dags/hello_world.py
[2025-05-17T13:09:50.945+0000] {processor.py:830} INFO - Processing file /opt/airflow/dags/hello_world.py for tasks to queue
[2025-05-17T13:09:50.950+0000] {logging_mixin.py:188} INFO - [2025-05-17T13:09:50.950+0000] {dagbag.py:538} INFO - Filling up the DagBag from /opt/airflow/dags/hello_world.py
[2025-05-17T13:09:50.971+0000] {processor.py:840} INFO - DAG(s) 'hello_world' retrieved from /opt/airflow/dags/hello_world.py
[2025-05-17T13:09:50.995+0000] {logging_mixin.py:188} INFO - [2025-05-17T13:09:50.995+0000] {dag.py:3033} INFO - Sync 1 DAGs
[2025-05-17T13:09:51.021+0000] {logging_mixin.py:188} INFO - [2025-05-17T13:09:51.020+0000] {dag.py:3820} INFO - Setting next_dagrun for hello_world to 2025-05-17T00:00:00+00:00, run_after=2025-05-18T00:00:00+00:00
[2025-05-17T13:09:51.040+0000] {processor.py:183} INFO - Processing /opt/airflow/dags/hello_world.py took 0.106 seconds
[2025-05-17T13:10:21.193+0000] {processor.py:161} INFO - Started process (PID=43) to work on /opt/airflow/dags/hello_world.py
[2025-05-17T13:10:21.194+0000] {processor.py:830} INFO - Processing file /opt/airflow/dags/hello_world.py for tasks to queue
[2025-05-17T13:10:21.199+0000] {logging_mixin.py:188} INFO - [2025-05-17T13:10:21.198+0000] {dagbag.py:538} INFO - Filling up the DagBag from /opt/airflow/dags/hello_world.py
[2025-05-17T13:10:21.221+0000] {processor.py:840} INFO - DAG(s) 'hello_world' retrieved from /opt/airflow/dags/hello_world.py
[2025-05-17T13:10:21.248+0000] {logging_mixin.py:188} INFO - [2025-05-17T13:10:21.248+0000] {dag.py:3033} INFO - Sync 1 DAGs
[2025-05-17T13:10:21.262+0000] {logging_mixin.py:188} INFO - [2025-05-17T13:10:21.262+0000] {dag.py:3820} INFO - Setting next_dagrun for hello_world to 2025-05-17T00:00:00+00:00, run_after=2025-05-18T00:00:00+00:00
[2025-05-17T13:10:21.270+0000] {processor.py:183} INFO - Processing /opt/airflow/dags/hello_world.py took 0.085 seconds
